<?xml version="1.0" encoding="UTF-8"?>
<!-- Generated by org.testng.reporters.JUnitReportReporter -->
<testsuite hostname="WINDOWS-B5JDBEU" failures="0" tests="4" name="com.testNGtest.NewTest" time="109.885" errors="0" timestamp="2020-04-04T09:31:09 IST" skipped="0">
  <testcase classname="com.testNGtest.NewTest" name="f" time="27.575"/>
  <system-out/>
  <testcase classname="com.testNGtest.NewTest" name="f" time="28.857"/>
  <system-out/>
  <testcase classname="com.testNGtest.NewTest" name="f" time="26.980"/>
  <system-out/>
  <testcase classname="com.testNGtest.NewTest" name="f" time="26.473"/>
  <system-out/>
</testsuite> <!-- com.testNGtest.NewTest -->
